c:\users\yuzhe\source\repos\dm2122\assignment_2\application\debug\vc142.pdb
c:\users\yuzhe\source\repos\dm2122\assignment_2\application\debug\vc142.idb
c:\users\yuzhe\source\repos\dm2122\assignment_2\application\debug\utility.obj
c:\users\yuzhe\source\repos\dm2122\assignment_2\application\debug\shader.obj
c:\users\yuzhe\source\repos\dm2122\assignment_2\application\debug\meshbuilder.obj
c:\users\yuzhe\source\repos\dm2122\assignment_2\application\debug\mesh.obj
c:\users\yuzhe\source\repos\dm2122\assignment_2\application\debug\main.obj
c:\users\yuzhe\source\repos\dm2122\assignment_2\application\debug\camera2.obj
c:\users\yuzhe\source\repos\dm2122\assignment_2\application\debug\camera.obj
c:\users\yuzhe\source\repos\dm2122\assignment_2\application\debug\scenea2.obj
c:\users\yuzhe\source\repos\dm2122\assignment_2\application\debug\loadtga.obj
c:\users\yuzhe\source\repos\dm2122\assignment_2\application\debug\loadobj.obj
c:\users\yuzhe\source\repos\dm2122\assignment_2\application\debug\camera3.obj
c:\users\yuzhe\source\repos\dm2122\assignment_2\application\debug\application.obj
c:\users\yuzhe\source\repos\dm2122\assignment_2\debug\application.exe
c:\users\yuzhe\source\repos\dm2122\assignment_2\application\debug\application.ilk
c:\users\yuzhe\source\repos\dm2122\assignment_2\debug\application.pdb
c:\users\yuzhe\source\repos\dm2122\assignment_2\application\debug\application.tlog\cl.command.1.tlog
c:\users\yuzhe\source\repos\dm2122\assignment_2\application\debug\application.tlog\cl.read.1.tlog
c:\users\yuzhe\source\repos\dm2122\assignment_2\application\debug\application.tlog\cl.write.1.tlog
c:\users\yuzhe\source\repos\dm2122\assignment_2\application\debug\application.tlog\link.command.1.tlog
c:\users\yuzhe\source\repos\dm2122\assignment_2\application\debug\application.tlog\link.read.1.tlog
c:\users\yuzhe\source\repos\dm2122\assignment_2\application\debug\application.tlog\link.write.1.tlog
